clang: error: no such file or directory: '/tmp/pd_build_linux_7/CF/objects/normal/CFApplicationPreferences.o'
clang: error: no such file or directory: '/tmp/pd_build_linux_7/CF/objects/normal/CFArray.o'
clang: error: no such file or directory: '/tmp/pd_build_linux_7/CF/objects/normal/CFBag.o'
clang: error: no such file or directory: '/tmp/pd_build_linux_7/CF/objects/normal/CFBase.o'
clang: error: no such file or directory: '/tmp/pd_build_linux_7/CF/objects/normal/CFBinaryHeap.o'
clang: error: no such file or directory: '/tmp/pd_build_linux_7/CF/objects/normal/CFBinaryPList.o'
clang: error: no such file or directory: '/tmp/pd_build_linux_7/CF/objects/normal/CFBitVector.o'
clang: error: no such file or directory: '/tmp/pd_build_linux_7/CF/objects/normal/CFBuiltinConverters.o'
clang: error: no such file or directory: '/tmp/pd_build_linux_7/CF/objects/normal/CFBundle.o'
clang: error: no such file or directory: '/tmp/pd_build_linux_7/CF/objects/normal/CFBundle_Resources.o'
clang: error: no such file or directory: '/tmp/pd_build_linux_7/CF/objects/normal/CFCalendar.o'
clang: error: no such file or directory: '/tmp/pd_build_linux_7/CF/objects/normal/CFCharacterSet.o'
clang: error: no such file or directory: '/tmp/pd_build_linux_7/CF/objects/normal/CFConcreteStreams.o'
clang: error: no such file or directory: '/tmp/pd_build_linux_7/CF/objects/normal/CFData.o'
clang: error: no such file or directory: '/tmp/pd_build_linux_7/CF/objects/normal/CFDate.o'
clang: error: no such file or directory: '/tmp/pd_build_linux_7/CF/objects/normal/CFDateFormatter.o'
clang: error: no such file or directory: '/tmp/pd_build_linux_7/CF/objects/normal/CFDictionary.o'
clang: error: no such file or directory: '/tmp/pd_build_linux_7/CF/objects/normal/CFError.o'
clang: error: no such file or directory: '/tmp/pd_build_linux_7/CF/objects/normal/CFFileUtilities.o'
clang: error: no such file or directory: '/tmp/pd_build_linux_7/CF/objects/normal/CFLocale.o'
clang: error: no such file or directory: '/tmp/pd_build_linux_7/CF/objects/normal/CFLocaleIdentifier.o'
clang: error: no such file or directory: '/tmp/pd_build_linux_7/CF/objects/normal/CFMachPort.o'
clang: error: no such file or directory: '/tmp/pd_build_linux_7/CF/objects/normal/CFMessagePort.o'
clang: error: no such file or directory: '/tmp/pd_build_linux_7/CF/objects/normal/CFNumber.o'
clang: error: no such file or directory: '/tmp/pd_build_linux_7/CF/objects/normal/CFNumberFormatter.o'
clang: error: no such file or directory: '/tmp/pd_build_linux_7/CF/objects/normal/CFPlatform.o'
clang: error: no such file or directory: '/tmp/pd_build_linux_7/CF/objects/normal/CFPlugIn.o'
clang: error: no such file or directory: '/tmp/pd_build_linux_7/CF/objects/normal/CFPlugIn_Factory.o'
clang: error: no such file or directory: '/tmp/pd_build_linux_7/CF/objects/normal/CFPlugIn_Instance.o'
clang: error: no such file or directory: '/tmp/pd_build_linux_7/CF/objects/normal/CFPlugIn_PlugIn.o'
clang: error: no such file or directory: '/tmp/pd_build_linux_7/CF/objects/normal/CFPreferences.o'
clang: error: no such file or directory: '/tmp/pd_build_linux_7/CF/objects/normal/CFPropertyList.o'
clang: error: no such file or directory: '/tmp/pd_build_linux_7/CF/objects/normal/CFRunLoop.o'
clang: error: no such file or directory: '/tmp/pd_build_linux_7/CF/objects/normal/CFRuntime.o'
clang: error: no such file or directory: '/tmp/pd_build_linux_7/CF/objects/normal/CFSet.o'
clang: error: no such file or directory: '/tmp/pd_build_linux_7/CF/objects/normal/CFSocket.o'
clang: error: no such file or directory: '/tmp/pd_build_linux_7/CF/objects/normal/CFSocketStream.o'
clang: error: no such file or directory: '/tmp/pd_build_linux_7/CF/objects/normal/CFSortFunctions.o'
clang: error: no such file or directory: '/tmp/pd_build_linux_7/CF/objects/normal/CFStorage.o'
clang: error: no such file or directory: '/tmp/pd_build_linux_7/CF/objects/normal/CFStream.o'
clang: error: no such file or directory: '/tmp/pd_build_linux_7/CF/objects/normal/CFString.o'
clang: error: no such file or directory: '/tmp/pd_build_linux_7/CF/objects/normal/CFStringEncodingConverter.o'
clang: error: no such file or directory: '/tmp/pd_build_linux_7/CF/objects/normal/CFStringEncodings.o'
clang: error: no such file or directory: '/tmp/pd_build_linux_7/CF/objects/normal/CFStringScanner.o'
clang: error: no such file or directory: '/tmp/pd_build_linux_7/CF/objects/normal/CFStringUtilities.o'
clang: error: no such file or directory: '/tmp/pd_build_linux_7/CF/objects/normal/CFSystemDirectories.o'
clang: error: no such file or directory: '/tmp/pd_build_linux_7/CF/objects/normal/CFTimeZone.o'
clang: error: no such file or directory: '/tmp/pd_build_linux_7/CF/objects/normal/CFTree.o'
clang: error: no such file or directory: '/tmp/pd_build_linux_7/CF/objects/normal/CFURL.o'
clang: error: no such file or directory: '/tmp/pd_build_linux_7/CF/objects/normal/CFURLAccess.o'
clang: error: no such file or directory: '/tmp/pd_build_linux_7/CF/objects/normal/CFUUID.o'
clang: error: no such file or directory: '/tmp/pd_build_linux_7/CF/objects/normal/CFUniChar.o'
clang: error: no such file or directory: '/tmp/pd_build_linux_7/CF/objects/normal/CFUnicodeDecomposition.o'
clang: error: no such file or directory: '/tmp/pd_build_linux_7/CF/objects/normal/CFUnicodePrecomposition.o'
clang: error: no such file or directory: '/tmp/pd_build_linux_7/CF/objects/normal/CFUserNotification.o'
clang: error: no such file or directory: '/tmp/pd_build_linux_7/CF/objects/normal/CFUtilities.o'
clang: error: no such file or directory: '/tmp/pd_build_linux_7/CF/objects/normal/CFXMLInputStream.o'
clang: error: no such file or directory: '/tmp/pd_build_linux_7/CF/objects/normal/CFXMLNode.o'
clang: error: no such file or directory: '/tmp/pd_build_linux_7/CF/objects/normal/CFXMLParser.o'
clang: error: no such file or directory: '/tmp/pd_build_linux_7/CF/objects/normal/CFXMLPreferencesDomain.o'
clang: error: no such file or directory: '/tmp/pd_build_linux_7/CF/objects/normal/CFXMLTree.o'
